<?xml version="1.0" encoding="UTF-8"?>
<!-- Generated by org.testng.reporters.JUnitReportReporter -->
<testsuite hostname="DESKTOP-J50SVVR" failures="0" tests="1" name="tPack.Demo" time="11.581" errors="0" timestamp="2022-11-16T23:07:51 IST" skipped="0">
  <testcase classname="tPack.Demo" name="SampleAuto" time="11.581"/>
  <system-out/>
</testsuite> <!-- tPack.Demo -->
