<?xml version="1.0" encoding="UTF-8"?>
<!-- Generated by org.testng.reporters.JUnitReportReporter -->
<testsuite hostname="DESKTOP-J50SVVR" failures="0" tests="3" name="DemoPro1.DayT3Test" time="0.006" errors="0" timestamp="2022-11-21T18:47:03 IST" skipped="0">
  <testcase classname="DemoPro1.DayT3Test" name="testRegistration" time="0.004"/>
  <system-out/>
  <testcase classname="DemoPro1.DayT3Test" name="testLogin" time="0.001"/>
  <system-out/>
  <testcase classname="DemoPro1.DayT3Test" name="testHomepage" time="0.001"/>
  <system-out/>
</testsuite> <!-- DemoPro1.DayT3Test -->
