<?xml version="1.0" encoding="UTF-8"?>
<!-- Generated by org.testng.reporters.JUnitReportReporter -->
<testsuite hostname="DESKTOP-J50SVVR" failures="0" tests="1" name="DemoPro1.OneTest" time="14.175" errors="0" timestamp="2022-11-21T18:47:03 IST" skipped="0">
  <testcase classname="DemoPro1.OneTest" name="mOne" time="14.175"/>
  <system-out/>
</testsuite> <!-- DemoPro1.OneTest -->
