<?xml version="1.0" encoding="UTF-8"?>
<!-- Generated by org.testng.reporters.JUnitReportReporter -->
<testsuite hostname="DESKTOP-J50SVVR" failures="0" tests="1" name="Apack.ClassTwoTest" time="0.000" errors="0" timestamp="2022-11-21T18:47:03 IST" skipped="0">
  <testcase classname="Apack.ClassTwoTest" name="Two" time="0.000"/>
  <system-out/>
</testsuite> <!-- Apack.ClassTwoTest -->
