<?xml version="1.0" encoding="UTF-8"?>
<!-- Generated by org.testng.reporters.JUnitReportReporter -->
<testsuite hostname="DESKTOP-J50SVVR" failures="0" tests="4" name="DemoPro1.DayT4Test" time="0.003" errors="0" timestamp="2022-11-29T18:39:15 IST" skipped="0">
  <testcase classname="DemoPro1.DayT4Test" name="flipkart" time="0.001"/>
  <system-out/>
  <testcase classname="DemoPro1.DayT4Test" name="macys" time="0.001"/>
  <system-out/>
  <testcase classname="DemoPro1.DayT4Test" name="Dmart" time="0.000"/>
  <system-out/>
  <testcase classname="DemoPro1.DayT4Test" name="Amezon" time="0.001"/>
  <system-out/>
</testsuite> <!-- DemoPro1.DayT4Test -->
