<?xml version="1.0" encoding="UTF-8"?>
<!-- Generated by org.testng.reporters.JUnitReportReporter -->
<testsuite hostname="DESKTOP-J50SVVR" failures="0" tests="1" name="DemoPro1.POITest" time="44.374" errors="0" timestamp="2022-11-21T22:42:27 IST" skipped="0">
  <testcase classname="DemoPro1.POITest" name="OneTest" time="44.374"/>
  <system-out/>
</testsuite> <!-- DemoPro1.POITest -->
