<?xml version="1.0" encoding="UTF-8"?>
<!-- Generated by org.testng.reporters.JUnitReportReporter -->
<testsuite hostname="DESKTOP-J50SVVR" failures="0" tests="1" name="Rpack.ClassSixTest" time="0.002" errors="0" timestamp="2022-11-29T18:39:15 IST" skipped="0">
  <testcase classname="Rpack.ClassSixTest" name="Two" time="0.002"/>
  <system-out/>
</testsuite> <!-- Rpack.ClassSixTest -->
