<?xml version="1.0" encoding="UTF-8"?>
<!-- Generated by org.testng.reporters.JUnitReportReporter -->
<testsuite hostname="DESKTOP-J50SVVR" failures="0" tests="1" name="DemoPro1.ExtentsRepTest" time="15.829" errors="0" timestamp="2022-11-29T18:39:15 IST" skipped="0">
  <testcase classname="DemoPro1.ExtentsRepTest" name="OneTest" time="15.829"/>
  <system-out/>
</testsuite> <!-- DemoPro1.ExtentsRepTest -->
