<?xml version="1.0" encoding="UTF-8"?>
<!-- Generated by org.testng.reporters.JUnitReportReporter -->
<testsuite hostname="DESKTOP-J50SVVR" failures="0" tests="1" name="Apack.ClassOneTest" time="0.001" errors="0" timestamp="2022-11-29T18:39:15 IST" skipped="0">
  <testcase classname="Apack.ClassOneTest" name="one" time="0.001"/>
  <system-out/>
</testsuite> <!-- Apack.ClassOneTest -->
