<?xml version="1.0" encoding="UTF-8"?>
<!-- Generated by org.testng.reporters.JUnitReportReporter -->
<testsuite hostname="DESKTOP-J50SVVR" failures="0" tests="1" name="DemoPro1.POIAPITest" time="0.557" errors="0" timestamp="2022-12-08T15:36:32 IST" skipped="0">
  <testcase classname="DemoPro1.POIAPITest" name="main" time="0.557"/>
  <system-out/>
</testsuite> <!-- DemoPro1.POIAPITest -->
