<?xml version="1.0" encoding="UTF-8"?>
<!-- Generated by org.testng.reporters.JUnitReportReporter -->
<testsuite hostname="DESKTOP-J50SVVR" failures="0" tests="3" name="DemoPro1.DayT3Test" time="0.005" errors="0" timestamp="2022-11-29T18:39:15 IST" skipped="0">
  <testcase classname="DemoPro1.DayT3Test" name="testRegistration" time="0.003"/>
  <system-out/>
  <testcase classname="DemoPro1.DayT3Test" name="testLogin" time="0.001"/>
  <system-out/>
  <testcase classname="DemoPro1.DayT3Test" name="testHomepage" time="0.001"/>
  <system-out/>
</testsuite> <!-- DemoPro1.DayT3Test -->
