<?xml version="1.0" encoding="UTF-8"?>
<!-- Generated by org.testng.reporters.JUnitReportReporter -->
<testsuite hostname="DESKTOP-J50SVVR" failures="0" tests="1" name="DemoPro1.OneTest" time="8.204" errors="0" timestamp="2022-11-29T18:39:15 IST" skipped="0">
  <testcase classname="DemoPro1.OneTest" name="mOne" time="8.204"/>
  <system-out/>
</testsuite> <!-- DemoPro1.OneTest -->
