<?xml version="1.0" encoding="UTF-8"?>
<!-- Generated by org.testng.reporters.JUnitReportReporter -->
<testsuite hostname="DESKTOP-J50SVVR" failures="0" tests="1" name="Listeners.DayT7Test" time="14.074" errors="0" timestamp="2022-11-29T18:39:15 IST" skipped="0">
  <testcase classname="Listeners.DayT7Test" name="ClassSeven" time="14.074"/>
  <system-out/>
</testsuite> <!-- Listeners.DayT7Test -->
