<?xml version="1.0" encoding="UTF-8"?>
<!-- Generated by org.testng.reporters.JUnitReportReporter -->
<testsuite hostname="DESKTOP-J50SVVR" failures="0" tests="1" name="DemoPro1.DayT2Test" time="22.834" errors="0" timestamp="2022-11-29T18:39:15 IST" skipped="0">
  <testcase classname="DemoPro1.DayT2Test" name="SampleAutomation" time="22.834"/>
  <system-out/>
</testsuite> <!-- DemoPro1.DayT2Test -->
