<?xml version="1.0" encoding="UTF-8"?>
<!-- Generated by org.testng.reporters.JUnitReportReporter -->
<testsuite hostname="DESKTOP-J50SVVR" failures="0" tests="1" name="Excell.Excell_Class" time="0.763" errors="0" timestamp="2022-12-10T12:08:59 IST" skipped="0">
  <testcase classname="Excell.Excell_Class" name="method" time="0.763"/>
  <system-out/>
</testsuite> <!-- Excell.Excell_Class -->
