<?xml version="1.0" encoding="UTF-8"?>
<!-- Generated by org.testng.reporters.JUnitReportReporter -->
<testsuite hostname="DESKTOP-J50SVVR" failures="0" tests="1" name="pro.iqcentestlayer.IqcenLoginTest" time="24.893" errors="0" timestamp="2022-12-06T16:14:32 IST" skipped="0">
  <testcase classname="pro.iqcentestlayer.IqcenLoginTest" name="Register" time="24.893"/>
  <system-out/>
</testsuite> <!-- pro.iqcentestlayer.IqcenLoginTest -->
